Performing C SOURCE FILE Test CMAKE_HAVE_LIBC_PTHREAD failed with the following output:
Change Dir: /home/gunny7828/Mar04_vSlam/cmake_modules/CMakeFiles/CMakeTmp

Run Build Command(s):/usr/bin/make -f Makefile cmTC_45e8e/fast && /usr/bin/make  -f CMakeFiles/cmTC_45e8e.dir/build.make CMakeFiles/cmTC_45e8e.dir/build
make[1]: Entering directory '/home/gunny7828/Mar04_vSlam/cmake_modules/CMakeFiles/CMakeTmp'
Building C object CMakeFiles/cmTC_45e8e.dir/src.c.o
/usr/bin/cc -DCMAKE_HAVE_LIBC_PTHREAD  -fPIC  -o CMakeFiles/cmTC_45e8e.dir/src.c.o -c /home/gunny7828/Mar04_vSlam/cmake_modules/CMakeFiles/CMakeTmp/src.c
Linking C executable cmTC_45e8e
/usr/local/bin/cmake -E cmake_link_script CMakeFiles/cmTC_45e8e.dir/link.txt --verbose=1
/usr/bin/cc -fPIC  -rdynamic CMakeFiles/cmTC_45e8e.dir/src.c.o -o cmTC_45e8e 
CMakeFiles/cmTC_45e8e.dir/src.c.o: In function `main':
src.c:(.text+0x3e): undefined reference to `pthread_create'
src.c:(.text+0x4a): undefined reference to `pthread_detach'
src.c:(.text+0x56): undefined reference to `pthread_cancel'
src.c:(.text+0x67): undefined reference to `pthread_join'
src.c:(.text+0x7b): undefined reference to `pthread_atfork'
collect2: error: ld returned 1 exit status
CMakeFiles/cmTC_45e8e.dir/build.make:98: recipe for target 'cmTC_45e8e' failed
make[1]: *** [cmTC_45e8e] Error 1
make[1]: Leaving directory '/home/gunny7828/Mar04_vSlam/cmake_modules/CMakeFiles/CMakeTmp'
Makefile:127: recipe for target 'cmTC_45e8e/fast' failed
make: *** [cmTC_45e8e/fast] Error 2


Source file was:
#include <pthread.h>

static void* test_func(void* data)
{
  return data;
}

int main(void)
{
  pthread_t thread;
  pthread_create(&thread, NULL, test_func, NULL);
  pthread_detach(thread);
  pthread_cancel(thread);
  pthread_join(thread, NULL);
  pthread_atfork(NULL, NULL, NULL);
  pthread_exit(NULL);

  return 0;
}

Determining if the function pthread_create exists in the pthreads failed with the following output:
Change Dir: /home/gunny7828/Mar04_vSlam/cmake_modules/CMakeFiles/CMakeTmp

Run Build Command(s):/usr/bin/make -f Makefile cmTC_772c0/fast && /usr/bin/make  -f CMakeFiles/cmTC_772c0.dir/build.make CMakeFiles/cmTC_772c0.dir/build
make[1]: Entering directory '/home/gunny7828/Mar04_vSlam/cmake_modules/CMakeFiles/CMakeTmp'
Building C object CMakeFiles/cmTC_772c0.dir/CheckFunctionExists.c.o
/usr/bin/cc   -fPIC -DCHECK_FUNCTION_EXISTS=pthread_create -o CMakeFiles/cmTC_772c0.dir/CheckFunctionExists.c.o -c /usr/local/share/cmake-3.22/Modules/CheckFunctionExists.c
Linking C executable cmTC_772c0
/usr/local/bin/cmake -E cmake_link_script CMakeFiles/cmTC_772c0.dir/link.txt --verbose=1
/usr/bin/cc -fPIC -DCHECK_FUNCTION_EXISTS=pthread_create -rdynamic CMakeFiles/cmTC_772c0.dir/CheckFunctionExists.c.o -o cmTC_772c0  -lpthreads 
/usr/bin/ld: cannot find -lpthreads
collect2: error: ld returned 1 exit status
CMakeFiles/cmTC_772c0.dir/build.make:98: recipe for target 'cmTC_772c0' failed
make[1]: *** [cmTC_772c0] Error 1
make[1]: Leaving directory '/home/gunny7828/Mar04_vSlam/cmake_modules/CMakeFiles/CMakeTmp'
Makefile:127: recipe for target 'cmTC_772c0/fast' failed
make: *** [cmTC_772c0/fast] Error 2



